<?xml version="1.0" encoding="WINDOWS-1252"?>
<!DOCTYPE coverage SYSTEM "http://cobertura.sourceforge.net/xml/coverage-04.dtd">
<coverage line-rate="1.0" branch-rate="0.0" lines-covered="4" lines-valid="4" branches-covered="0" branches-valid="0" complexity="0" version="1" timestamp="1787276018,999999999999999999999999999998">
<sources>
<source>function ut3_tester.betwnstr</source>
</sources>
<packages>
<package name="BETWNSTR" line-rate="1.0" branch-rate="0.0" complexity="0.0">
<classes>
<class name="BETWNSTR" filename="function ut3_tester.betwnstr" line-rate="1.0" branch-rate="0.0" complexity="0.0">
<lines>
<line number="2" hits="5" branch="false"/>
<line number="4" hits="5" branch="false"/>
<line number="5" hits="3" branch="false"/>
<line number="7" hits="5" branch="false"/>
</lines>
</class>
</classes>
</package>
</packages>
</coverage>
